<?xml version="1.0" encoding="UTF-8"?>
<!-- Generated by org.testng.reporters.JUnitReportReporter -->
<testsuite hostname="DESKTOP-8C0LO3K" failures="0" tests="1" name="basics.LearnDeserialization" time="2.657" errors="0" timestamp="2025-05-14T19:40:28 IST" skipped="0">
  <testcase classname="basics.LearnDeserialization" name="mygetBookTest" time="2.657"/>
</testsuite> <!-- basics.LearnDeserialization -->
