<?xml version="1.0" encoding="UTF-8"?>
<!-- Generated by org.testng.reporters.JUnitReportReporter -->
<testsuite hostname="DESKTOP-8C0LO3K" failures="0" tests="1" name="basics.LearnSerialization" time="29.980" errors="0" timestamp="2025-05-13T20:06:38 IST" skipped="0">
  <testcase classname="basics.LearnSerialization" name="myseriaLiseTest" time="29.980"/>
</testsuite> <!-- basics.LearnSerialization -->
