<?xml version="1.0" encoding="UTF-8"?>
<!-- Generated by org.testng.reporters.JUnitReportReporter -->
<testsuite hostname="DESKTOP-8C0LO3K" failures="0" tests="1" name="basics.LibraryManagement" time="2.206" errors="0" timestamp="2025-05-08T19:59:31 IST" skipped="0">
  <testcase classname="basics.LibraryManagement" name="verifyE2ELMS" time="2.206"/>
</testsuite> <!-- basics.LibraryManagement -->
