<?xml version="1.0" encoding="UTF-8"?>
<!-- Generated by org.testng.reporters.JUnitReportReporter -->
<testsuite hostname="DESKTOP-8C0LO3K" failures="0" tests="1" name="basics.LibraryManagement" time="4.730" errors="0" timestamp="2025-05-05T20:08:42 IST" skipped="0">
  <testcase classname="basics.LibraryManagement" name="verifyE2ELMS" time="4.730"/>
</testsuite> <!-- basics.LibraryManagement -->
