<?xml version="1.0" encoding="UTF-8"?>
<!-- Generated by org.testng.reporters.JUnitReportReporter -->
<testsuite hostname="DESKTOP-8C0LO3K" failures="0" tests="1" name="basics.LearnSpecBuilders" time="2.106" errors="0" timestamp="2025-05-16T19:39:13 IST" skipped="0">
  <testcase classname="basics.LearnSpecBuilders" name="mytestUsingSpecs" time="2.106"/>
</testsuite> <!-- basics.LearnSpecBuilders -->
