<?xml version="1.0" encoding="UTF-8"?>
<!-- Generated by org.testng.reporters.JUnitReportReporter -->
<testsuite hostname="DESKTOP-8C0LO3K" failures="0" tests="1" name="basics.LibraryManagement" time="19.132" errors="0" timestamp="2025-05-13T20:03:48 IST" skipped="0">
  <testcase classname="basics.LibraryManagement" name="verifyE2ELMS" time="19.132"/>
</testsuite> <!-- basics.LibraryManagement -->
